Determining if the pthread_create exist failed with the following output:
Change Dir: /home/ljb/catkin_ws/src/evoluationary_programmer/build/CMakeFiles/CMakeTmp

Run Build Command:"/usr/bin/make" "cmTC_07ba7/fast"
/usr/bin/make -f CMakeFiles/cmTC_07ba7.dir/build.make CMakeFiles/cmTC_07ba7.dir/build
make[1]: 进入目录“/home/ljb/catkin_ws/src/evoluationary_programmer/build/CMakeFiles/CMakeTmp”
Building C object CMakeFiles/cmTC_07ba7.dir/CheckSymbolExists.c.o
/usr/bin/gcc-7    -o CMakeFiles/cmTC_07ba7.dir/CheckSymbolExists.c.o   -c /home/ljb/catkin_ws/src/evoluationary_programmer/build/CMakeFiles/CMakeTmp/CheckSymbolExists.c
Linking C executable cmTC_07ba7
/usr/bin/cmake -E cmake_link_script CMakeFiles/cmTC_07ba7.dir/link.txt --verbose=1
/usr/bin/gcc-7      -rdynamic CMakeFiles/cmTC_07ba7.dir/CheckSymbolExists.c.o  -o cmTC_07ba7 
CMakeFiles/cmTC_07ba7.dir/CheckSymbolExists.c.o：在函数‘main’中：
CheckSymbolExists.c:(.text+0x1b)：对‘pthread_create’未定义的引用
collect2: error: ld returned 1 exit status
CMakeFiles/cmTC_07ba7.dir/build.make:97: recipe for target 'cmTC_07ba7' failed
make[1]: *** [cmTC_07ba7] Error 1
make[1]: 离开目录“/home/ljb/catkin_ws/src/evoluationary_programmer/build/CMakeFiles/CMakeTmp”
Makefile:126: recipe for target 'cmTC_07ba7/fast' failed
make: *** [cmTC_07ba7/fast] Error 2

File /home/ljb/catkin_ws/src/evoluationary_programmer/build/CMakeFiles/CMakeTmp/CheckSymbolExists.c:
/* */
#include <pthread.h>

int main(int argc, char** argv)
{
  (void)argv;
#ifndef pthread_create
  return ((int*)(&pthread_create))[argc];
#else
  (void)argc;
  return 0;
#endif
}

Determining if the function pthread_create exists in the pthreads failed with the following output:
Change Dir: /home/ljb/catkin_ws/src/evoluationary_programmer/build/CMakeFiles/CMakeTmp

Run Build Command:"/usr/bin/make" "cmTC_3e988/fast"
/usr/bin/make -f CMakeFiles/cmTC_3e988.dir/build.make CMakeFiles/cmTC_3e988.dir/build
make[1]: 进入目录“/home/ljb/catkin_ws/src/evoluationary_programmer/build/CMakeFiles/CMakeTmp”
Building C object CMakeFiles/cmTC_3e988.dir/CheckFunctionExists.c.o
/usr/bin/gcc-7   -DCHECK_FUNCTION_EXISTS=pthread_create   -o CMakeFiles/cmTC_3e988.dir/CheckFunctionExists.c.o   -c /usr/share/cmake-3.10/Modules/CheckFunctionExists.c
Linking C executable cmTC_3e988
/usr/bin/cmake -E cmake_link_script CMakeFiles/cmTC_3e988.dir/link.txt --verbose=1
/usr/bin/gcc-7  -DCHECK_FUNCTION_EXISTS=pthread_create    -rdynamic CMakeFiles/cmTC_3e988.dir/CheckFunctionExists.c.o  -o cmTC_3e988 -lpthreads 
/usr/bin/ld: 找不到 -lpthreads
collect2: error: ld returned 1 exit status
CMakeFiles/cmTC_3e988.dir/build.make:97: recipe for target 'cmTC_3e988' failed
make[1]: *** [cmTC_3e988] Error 1
make[1]: 离开目录“/home/ljb/catkin_ws/src/evoluationary_programmer/build/CMakeFiles/CMakeTmp”
Makefile:126: recipe for target 'cmTC_3e988/fast' failed
make: *** [cmTC_3e988/fast] Error 2


